Performing C++ SOURCE FILE Test CMAKE_HAVE_LIBC_PTHREAD failed with the following output:
Change Dir: /home/yin-roc/1_Code/Ubuntu20.04/Workspace/qt_ros_ws/catkin_demo03_ws/build-demo03-Desktop_Qt_6_6_2_GCC_64bit-Debug/CMakeFiles/CMakeTmp

Run Build Command(s):/usr/bin/ninja cmTC_8ed06 && [1/2] Building CXX object CMakeFiles/cmTC_8ed06.dir/src.cxx.o
[2/2] Linking CXX executable cmTC_8ed06
[31mFAILED: [0mcmTC_8ed06 
: && /usr/bin/g++  -DQT_QML_DEBUG -DCMAKE_HAVE_LIBC_PTHREAD   CMakeFiles/cmTC_8ed06.dir/src.cxx.o  -o cmTC_8ed06   && :
/usr/bin/ld: CMakeFiles/cmTC_8ed06.dir/src.cxx.o: in function `main':
src.cxx:(.text+0x46): undefined reference to `pthread_create'
/usr/bin/ld: src.cxx:(.text+0x52): undefined reference to `pthread_detach'
/usr/bin/ld: src.cxx:(.text+0x63): undefined reference to `pthread_join'
collect2: error: ld returned 1 exit status
ninja: build stopped: subcommand failed.


Source file was:
#include <pthread.h>

void* test_func(void* data)
{
  return data;
}

int main(void)
{
  pthread_t thread;
  pthread_create(&thread, NULL, test_func, NULL);
  pthread_detach(thread);
  pthread_join(thread, NULL);
  pthread_atfork(NULL, NULL, NULL);
  pthread_exit(NULL);

  return 0;
}

