Performing C++ SOURCE FILE Test CMAKE_HAVE_LIBC_PTHREAD failed with the following output:
Change Dir: /home/yin-roc/1_Code/Ubuntu20.04/Workspace/baidu_map_ws/build/baidu_map/CMakeFiles/CMakeTmp

Run Build Command(s):/usr/bin/make cmTC_c38ce/fast && /usr/bin/make -f CMakeFiles/cmTC_c38ce.dir/build.make CMakeFiles/cmTC_c38ce.dir/build
make[1]: 进入目录“/home/yin-roc/1_Code/Ubuntu20.04/Workspace/baidu_map_ws/build/baidu_map/CMakeFiles/CMakeTmp”
Building CXX object CMakeFiles/cmTC_c38ce.dir/src.cxx.o
/usr/bin/c++    -DCMAKE_HAVE_LIBC_PTHREAD   -std=gnu++17 -o CMakeFiles/cmTC_c38ce.dir/src.cxx.o -c /home/yin-roc/1_Code/Ubuntu20.04/Workspace/baidu_map_ws/build/baidu_map/CMakeFiles/CMakeTmp/src.cxx
Linking CXX executable cmTC_c38ce
/usr/bin/cmake -E cmake_link_script CMakeFiles/cmTC_c38ce.dir/link.txt --verbose=1
/usr/bin/c++   -DCMAKE_HAVE_LIBC_PTHREAD    CMakeFiles/cmTC_c38ce.dir/src.cxx.o  -o cmTC_c38ce 
/usr/bin/ld: CMakeFiles/cmTC_c38ce.dir/src.cxx.o: in function `main':
src.cxx:(.text+0x46): undefined reference to `pthread_create'
/usr/bin/ld: src.cxx:(.text+0x52): undefined reference to `pthread_detach'
/usr/bin/ld: src.cxx:(.text+0x63): undefined reference to `pthread_join'
collect2: error: ld returned 1 exit status
make[1]: *** [CMakeFiles/cmTC_c38ce.dir/build.make:87：cmTC_c38ce] 错误 1
make[1]: 离开目录“/home/yin-roc/1_Code/Ubuntu20.04/Workspace/baidu_map_ws/build/baidu_map/CMakeFiles/CMakeTmp”
make: *** [Makefile:121：cmTC_c38ce/fast] 错误 2


Source file was:
#include <pthread.h>

void* test_func(void* data)
{
  return data;
}

int main(void)
{
  pthread_t thread;
  pthread_create(&thread, NULL, test_func, NULL);
  pthread_detach(thread);
  pthread_join(thread, NULL);
  pthread_atfork(NULL, NULL, NULL);
  pthread_exit(NULL);

  return 0;
}

