[01m[K/home/yin-roc/1_Code/Ubuntu20.04/Workspace/qt_ros_ws/catkin_demo01_ws/src/demo01_Dir_Control/src/demo01_config_serial.cpp:[m[K In member function ‘[01m[Kvoid demo01_Config_Serial::TimerEvent_1()[m[K’:
[01m[K/home/yin-roc/1_Code/Ubuntu20.04/Workspace/qt_ros_ws/catkin_demo01_ws/src/demo01_Dir_Control/src/demo01_config_serial.cpp:34:13:[m[K [01;31m[Kerror: [m[K‘[01m[Kclass Ui::demo01_Config_Serial[m[K’ has no member named ‘[01m[KcomboBox[m[K’
   34 |         ui->[01;31m[KcomboBox[m[K->clear();
      |             [01;31m[K^~~~~~~~[m[K
[01m[K/home/yin-roc/1_Code/Ubuntu20.04/Workspace/qt_ros_ws/catkin_demo01_ws/src/demo01_Dir_Control/src/demo01_config_serial.cpp:35:13:[m[K [01;31m[Kerror: [m[K‘[01m[Kclass Ui::demo01_Config_Serial[m[K’ has no member named ‘[01m[KcomboBox[m[K’
   35 |         ui->[01;31m[KcomboBox[m[K->addItems(newportStringList);
      |             [01;31m[K^~~~~~~~[m[K
[01m[K/home/yin-roc/1_Code/Ubuntu20.04/Workspace/qt_ros_ws/catkin_demo01_ws/src/demo01_Dir_Control/src/demo01_config_serial.cpp:[m[K In member function ‘[01m[Kvoid demo01_Config_Serial::on_open_serial_pushButton_clicked()[m[K’:
[01m[K/home/yin-roc/1_Code/Ubuntu20.04/Workspace/qt_ros_ws/catkin_demo01_ws/src/demo01_Dir_Control/src/demo01_config_serial.cpp:53:29:[m[K [01;31m[Kerror: [m[Kno matching function for call to ‘[01m[KQSerialPort::setPortName()[m[K’
   53 |         serial->setPortName([01;31m[K)[m[K;
      |                             [01;31m[K^[m[K
In file included from [01m[K/home/yin-roc/Qt6.6/6.6.2/gcc_64/include/QtSerialPort/QSerialPort:1[m[K,
                 from [01m[K/home/yin-roc/1_Code/Ubuntu20.04/Workspace/qt_ros_ws/catkin_demo01_ws/src/demo01_Dir_Control/src/demo01_config_serial.h:7[m[K,
                 from [01m[K/home/yin-roc/1_Code/Ubuntu20.04/Workspace/qt_ros_ws/catkin_demo01_ws/src/demo01_Dir_Control/src/demo01_config_serial.cpp:1[m[K:
[01m[K/home/yin-roc/Qt6.6/6.6.2/gcc_64/include/QtSerialPort/qserialport.h:130:10:[m[K [01;36m[Knote: [m[Kcandidate: ‘[01m[Kvoid QSerialPort::setPortName(const QString&)[m[K’
  130 |     void [01;36m[KsetPortName[m[K(const QString &name);
      |          [01;36m[K^~~~~~~~~~~[m[K
[01m[K/home/yin-roc/Qt6.6/6.6.2/gcc_64/include/QtSerialPort/qserialport.h:130:10:[m[K [01;36m[Knote: [m[K  candidate expects 1 argument, 0 provided
make[2]: *** [CMakeFiles/demo01_Dir_Control.dir/build.make:115：CMakeFiles/demo01_Dir_Control.dir/src/demo01_config_serial.cpp.o] 错误 1
make[1]: *** [CMakeFiles/Makefile2:268：CMakeFiles/demo01_Dir_Control.dir/all] 错误 2
make: *** [Makefile:141：all] 错误 2
