-- Could NOT find XKB (missing: XKB_LIBRARY XKB_INCLUDE_DIR) (Required is at least version "0.5.0")
-- Using CATKIN_DEVEL_PREFIX: /home/yin-roc/1_Code/Ubuntu20.04/Workspace/qt_ros_ws/catkin_demo01_ws/devel
-- Using CMAKE_PREFIX_PATH: /home/yin-roc/1_Code/Ubuntu20.04/Workspace/qt_ros_ws/catkin_demo01_ws/devel;/opt/ros/noetic;/home/yin-roc/Qt6.6/6.6.2/gcc_64
-- This workspace overlays: /home/yin-roc/1_Code/Ubuntu20.04/Workspace/qt_ros_ws/catkin_demo01_ws/devel;/opt/ros/noetic
-- Found PythonInterp: /usr/bin/python3 (found suitable version "3.8.10", minimum required is "3")
-- Using PYTHON_EXECUTABLE: /usr/bin/python3
-- Using Debian Python package layout
-- Using empy: /usr/lib/python3/dist-packages/em.py
-- Using CATKIN_ENABLE_TESTING: ON
-- Call enable_testing()
-- Using CATKIN_TEST_RESULTS_DIR: /home/yin-roc/1_Code/Ubuntu20.04/Workspace/qt_ros_ws/catkin_demo01_ws/build/demo01_Dir_Control/test_results
-- Forcing gtest/gmock from source, though one was otherwise available.
-- Found gtest sources under '/usr/src/googletest': gtests will be built
-- Found gmock sources under '/usr/src/googletest': gmock will be built
-- Found PythonInterp: /usr/bin/python3 (found version "3.8.10")
-- Using Python nosetests: /usr/bin/nosetests3
-- catkin 0.8.10
-- BUILD_SHARED_LIBS is on
WARNING: Package name "demo01_Dir_Control" does not follow the naming conventions. It should start with a lower case letter and only contain lower case letters, digits, underscores, and dashes.
-- Configuring done
-- Generating done
-- Build files have been written to: /home/yin-roc/1_Code/Ubuntu20.04/Workspace/qt_ros_ws/catkin_demo01_ws/build/demo01_Dir_Control
