Performing C SOURCE FILE Test CMAKE_HAVE_LIBC_PTHREAD failed with the following output:
Change Dir: /home/yin-roc/1_Code/Ubuntu20.04/Workspace/catkin_ros_ws/serial_ros/build/CMakeFiles/CMakeTmp

Run Build Command(s):/usr/bin/make cmTC_abe9c/fast && /usr/bin/make -f CMakeFiles/cmTC_abe9c.dir/build.make CMakeFiles/cmTC_abe9c.dir/build
make[1]: 进入目录“/home/yin-roc/1_Code/Ubuntu20.04/Workspace/catkin_ros_ws/serial_ros/build/CMakeFiles/CMakeTmp”
Building C object CMakeFiles/cmTC_abe9c.dir/src.c.o
/usr/bin/cc   -DCMAKE_HAVE_LIBC_PTHREAD   -o CMakeFiles/cmTC_abe9c.dir/src.c.o   -c /home/yin-roc/1_Code/Ubuntu20.04/Workspace/catkin_ros_ws/serial_ros/build/CMakeFiles/CMakeTmp/src.c
Linking C executable cmTC_abe9c
/usr/bin/cmake -E cmake_link_script CMakeFiles/cmTC_abe9c.dir/link.txt --verbose=1
/usr/bin/cc  -DCMAKE_HAVE_LIBC_PTHREAD    -rdynamic CMakeFiles/cmTC_abe9c.dir/src.c.o  -o cmTC_abe9c 
/usr/bin/ld: CMakeFiles/cmTC_abe9c.dir/src.c.o: in function `main':
src.c:(.text+0x46): undefined reference to `pthread_create'
/usr/bin/ld: src.c:(.text+0x52): undefined reference to `pthread_detach'
/usr/bin/ld: src.c:(.text+0x63): undefined reference to `pthread_join'
collect2: error: ld returned 1 exit status
make[1]: *** [CMakeFiles/cmTC_abe9c.dir/build.make:87：cmTC_abe9c] 错误 1
make[1]: 离开目录“/home/yin-roc/1_Code/Ubuntu20.04/Workspace/catkin_ros_ws/serial_ros/build/CMakeFiles/CMakeTmp”
make: *** [Makefile:121：cmTC_abe9c/fast] 错误 2


Source file was:
#include <pthread.h>

void* test_func(void* data)
{
  return data;
}

int main(void)
{
  pthread_t thread;
  pthread_create(&thread, NULL, test_func, NULL);
  pthread_detach(thread);
  pthread_join(thread, NULL);
  pthread_atfork(NULL, NULL, NULL);
  pthread_exit(NULL);

  return 0;
}

Determining if the function pthread_create exists in the pthreads failed with the following output:
Change Dir: /home/yin-roc/1_Code/Ubuntu20.04/Workspace/catkin_ros_ws/serial_ros/build/CMakeFiles/CMakeTmp

Run Build Command(s):/usr/bin/make cmTC_e9c16/fast && /usr/bin/make -f CMakeFiles/cmTC_e9c16.dir/build.make CMakeFiles/cmTC_e9c16.dir/build
make[1]: 进入目录“/home/yin-roc/1_Code/Ubuntu20.04/Workspace/catkin_ros_ws/serial_ros/build/CMakeFiles/CMakeTmp”
Building C object CMakeFiles/cmTC_e9c16.dir/CheckFunctionExists.c.o
/usr/bin/cc   -DCHECK_FUNCTION_EXISTS=pthread_create   -o CMakeFiles/cmTC_e9c16.dir/CheckFunctionExists.c.o   -c /usr/share/cmake-3.16/Modules/CheckFunctionExists.c
Linking C executable cmTC_e9c16
/usr/bin/cmake -E cmake_link_script CMakeFiles/cmTC_e9c16.dir/link.txt --verbose=1
/usr/bin/cc  -DCHECK_FUNCTION_EXISTS=pthread_create    -rdynamic CMakeFiles/cmTC_e9c16.dir/CheckFunctionExists.c.o  -o cmTC_e9c16  -lpthreads 
/usr/bin/ld: 找不到 -lpthreads
collect2: error: ld returned 1 exit status
make[1]: *** [CMakeFiles/cmTC_e9c16.dir/build.make:87：cmTC_e9c16] 错误 1
make[1]: 离开目录“/home/yin-roc/1_Code/Ubuntu20.04/Workspace/catkin_ros_ws/serial_ros/build/CMakeFiles/CMakeTmp”
make: *** [Makefile:121：cmTC_e9c16/fast] 错误 2



