[01m[K/home/yin-roc/1_Code/Ubuntu20.04/Workspace/qt_ros_ws/catkin_demo02_ws/src/demo/src/mainwin.cpp:[m[K In constructor ‘[01m[KMainWin::MainWin(QWidget*)[m[K’:
[01m[K/home/yin-roc/1_Code/Ubuntu20.04/Workspace/qt_ros_ws/catkin_demo02_ws/src/demo/src/mainwin.cpp:10:13:[m[K [01;31m[Kerror: [m[Kno matching function for call to ‘[01m[KMainWin::connect()[m[K’
   10 |     connect([01;31m[K)[m[K;
      |             [01;31m[K^[m[K
In file included from [01m[K/home/yin-roc/Qt6.6/6.6.2/gcc_64/include/QtWidgets/qwidget.h:9[m[K,
                 from [01m[K/home/yin-roc/Qt6.6/6.6.2/gcc_64/include/QtWidgets/QWidget:1[m[K,
                 from [01m[K/home/yin-roc/1_Code/Ubuntu20.04/Workspace/qt_ros_ws/catkin_demo02_ws/src/demo/src/mainwin.h:4[m[K,
                 from [01m[K/home/yin-roc/1_Code/Ubuntu20.04/Workspace/qt_ros_ws/catkin_demo02_ws/src/demo/src/mainwin.cpp:1[m[K:
[01m[K/home/yin-roc/Qt6.6/6.6.2/gcc_64/include/QtCore/qobject.h:177:36:[m[K [01;36m[Knote: [m[Kcandidate: ‘[01m[Kstatic QMetaObject::Connection QObject::connect(const QObject*, const char*, const QObject*, const char*, Qt::ConnectionType)[m[K’
  177 |     static QMetaObject::Connection [01;36m[Kconnect[m[K(const QObject *sender, const char *signal,
      |                                    [01;36m[K^~~~~~~[m[K
[01m[K/home/yin-roc/Qt6.6/6.6.2/gcc_64/include/QtCore/qobject.h:177:36:[m[K [01;36m[Knote: [m[K  candidate expects 5 arguments, 0 provided
[01m[K/home/yin-roc/Qt6.6/6.6.2/gcc_64/include/QtCore/qobject.h:180:36:[m[K [01;36m[Knote: [m[Kcandidate: ‘[01m[Kstatic QMetaObject::Connection QObject::connect(const QObject*, const QMetaMethod&, const QObject*, const QMetaMethod&, Qt::ConnectionType)[m[K’
  180 |     static QMetaObject::Connection [01;36m[Kconnect[m[K(const QObject *sender, const QMetaMethod &signal,
      |                                    [01;36m[K^~~~~~~[m[K
[01m[K/home/yin-roc/Qt6.6/6.6.2/gcc_64/include/QtCore/qobject.h:180:36:[m[K [01;36m[Knote: [m[K  candidate expects 5 arguments, 0 provided
[01m[K/home/yin-roc/Qt6.6/6.6.2/gcc_64/include/QtCore/qobject.h:372:32:[m[K [01;36m[Knote: [m[Kcandidate: ‘[01m[KQMetaObject::Connection QObject::connect(const QObject*, const char*, const char*, Qt::ConnectionType) const[m[K’
  372 | inline QMetaObject::Connection [01;36m[KQObject[m[K::connect(const QObject *asender, const char *asignal,
      |                                [01;36m[K^~~~~~~[m[K
[01m[K/home/yin-roc/Qt6.6/6.6.2/gcc_64/include/QtCore/qobject.h:372:32:[m[K [01;36m[Knote: [m[K  candidate expects 4 arguments, 0 provided
[01m[K/home/yin-roc/Qt6.6/6.6.2/gcc_64/include/QtCore/qobject.h:198:9:[m[K [01;36m[Knote: [m[Kcandidate: ‘[01m[Ktemplate<class Func1, class Func2> static QMetaObject::Connection QObject::connect(const typename QtPrivate::FunctionPointer<Prototype>::Object*, Func1, const typename QtPrivate::ContextTypeForFunctor<Func2>::ContextType*, Func2&&, Qt::ConnectionType)[m[K’
  198 |         [01;36m[Kconnect[m[K(const typename QtPrivate::FunctionPointer<Func1>::Object *sender, Func1 signal,
      |         [01;36m[K^~~~~~~[m[K
[01m[K/home/yin-roc/Qt6.6/6.6.2/gcc_64/include/QtCore/qobject.h:198:9:[m[K [01;36m[Knote: [m[K  template argument deduction/substitution failed:
[01m[K/home/yin-roc/1_Code/Ubuntu20.04/Workspace/qt_ros_ws/catkin_demo02_ws/src/demo/src/mainwin.cpp:10:13:[m[K [01;36m[Knote: [m[K  candidate expects 5 arguments, 0 provided
   10 |     connect([01;36m[K)[m[K;
      |             [01;36m[K^[m[K
In file included from [01m[K/home/yin-roc/Qt6.6/6.6.2/gcc_64/include/QtWidgets/qwidget.h:9[m[K,
                 from [01m[K/home/yin-roc/Qt6.6/6.6.2/gcc_64/include/QtWidgets/QWidget:1[m[K,
                 from [01m[K/home/yin-roc/1_Code/Ubuntu20.04/Workspace/qt_ros_ws/catkin_demo02_ws/src/demo/src/mainwin.h:4[m[K,
                 from [01m[K/home/yin-roc/1_Code/Ubuntu20.04/Workspace/qt_ros_ws/catkin_demo02_ws/src/demo/src/mainwin.cpp:1[m[K:
[01m[K/home/yin-roc/Qt6.6/6.6.2/gcc_64/include/QtCore/qobject.h:246:9:[m[K [01;36m[Knote: [m[Kcandidate: ‘[01m[Ktemplate<class Func1, class Func2> static QMetaObject::Connection QObject::connect(const typename QtPrivate::FunctionPointer<Prototype>::Object*, Func1, Func2&&)[m[K’
  246 |         [01;36m[Kconnect[m[K(const typename QtPrivate::FunctionPointer<Func1>::Object *sender, Func1 signal, Func2 &&slot)
      |         [01;36m[K^~~~~~~[m[K
[01m[K/home/yin-roc/Qt6.6/6.6.2/gcc_64/include/QtCore/qobject.h:246:9:[m[K [01;36m[Knote: [m[K  template argument deduction/substitution failed:
[01m[K/home/yin-roc/1_Code/Ubuntu20.04/Workspace/qt_ros_ws/catkin_demo02_ws/src/demo/src/mainwin.cpp:10:13:[m[K [01;36m[Knote: [m[K  candidate expects 3 arguments, 0 provided
   10 |     connect([01;36m[K)[m[K;
      |             [01;36m[K^[m[K
make[2]: *** [CMakeFiles/demo.dir/build.make:89：CMakeFiles/demo.dir/src/mainwin.cpp.o] 错误 1
make[2]: *** 正在等待未完成的任务....
make[1]: *** [CMakeFiles/Makefile2:295：CMakeFiles/demo.dir/all] 错误 2
make: *** [Makefile:141：all] 错误 2
