In file included from [01m[K/home/yin-roc/1_Code/Ubuntu20.04/Workspace/baidu_map_ws/build/baidu_map/baidu_map_autogen/UVLADIE3JM/../../../../src/baidu_map/src/mainwindow.h:6[m[K,
                 from [01m[K/home/yin-roc/1_Code/Ubuntu20.04/Workspace/baidu_map_ws/build/baidu_map/baidu_map_autogen/UVLADIE3JM/moc_mainwindow.cpp:9[m[K,
                 from [01m[K/home/yin-roc/1_Code/Ubuntu20.04/Workspace/baidu_map_ws/build/baidu_map/baidu_map_autogen/mocs_compilation.cpp:2[m[K:
[01m[K/home/yin-roc/1_Code/Ubuntu20.04/Workspace/baidu_map_ws/build/baidu_map/baidu_map_autogen/UVLADIE3JM/../../../../src/baidu_map/src/view1.h:5:10:[m[K [01;31m[Kfatal error: [m[Kview2.h: æ²¡æœ‰é‚£ä¸ªæ–‡ä»¶æˆ–ç›®å½•
    5 | #include [01;31m[K<view2.h>[m[K
      |          [01;31m[K^~~~~~~~~[m[K
In file included from [01m[K/home/yin-roc/1_Code/Ubuntu20.04/Workspace/baidu_map_ws/src/baidu_map/src/view1.cpp:1[m[K:
[01m[K/home/yin-roc/1_Code/Ubuntu20.04/Workspace/baidu_map_ws/src/baidu_map/src/view1.h:5:10:[m[K [01;31m[Kfatal error: [m[Kview2.h: æ²¡æœ‰é‚£ä¸ªæ–‡ä»¶æˆ–ç›®å½•
    5 | #include [01;31m[K<view2.h>[m[K
      |          [01;31m[K^~~~~~~~~[m[K
compilation terminated.
compilation terminated.
In file included from [01m[K/home/yin-roc/1_Code/Ubuntu20.04/Workspace/baidu_map_ws/src/baidu_map/src/mainwindow.h:6[m[K,
                 from [01m[K/home/yin-roc/1_Code/Ubuntu20.04/Workspace/baidu_map_ws/src/baidu_map/src/main.cpp:1[m[K:
[01m[K/home/yin-roc/1_Code/Ubuntu20.04/Workspace/baidu_map_ws/src/baidu_map/src/view1.h:5:10:[m[K [01;31m[Kfatal error: [m[Kview2.h: æ²¡æœ‰é‚£ä¸ªæ–‡ä»¶æˆ–ç›®å½•
    5 | #include [01;31m[K<view2.h>[m[K
      |          [01;31m[K^~~~~~~~~[m[K
compilation terminated.
In file included from [01m[K/home/yin-roc/1_Code/Ubuntu20.04/Workspace/baidu_map_ws/src/baidu_map/src/mainwindow.h:6[m[K,
                 from [01m[K/home/yin-roc/1_Code/Ubuntu20.04/Workspace/baidu_map_ws/src/baidu_map/src/mainwindow.cpp:1[m[K:
[01m[K/home/yin-roc/1_Code/Ubuntu20.04/Workspace/baidu_map_ws/src/baidu_map/src/view1.h:5:10:[m[K [01;31m[Kfatal error: [m[Kview2.h: æ²¡æœ‰é‚£ä¸ªæ–‡ä»¶æˆ–ç›®å½•
    5 | #include [01;31m[K<view2.h>[m[K
      |          [01;31m[K^~~~~~~~~[m[K
compilation terminated.
make[2]: *** [CMakeFiles/baidu_map.dir/build.make:102ï¼šCMakeFiles/baidu_map.dir/src/view1.cpp.o] é”™è¯¯ 1
make[2]: *** æ­£åœ¨ç­‰å¾…æœªå®Œæˆçš„ä»»åŠ¡....
make[2]: *** [CMakeFiles/baidu_map.dir/build.make:63ï¼šCMakeFiles/baidu_map.dir/baidu_map_autogen/mocs_compilation.cpp.o] é”™è¯¯ 1
make[2]: *** [CMakeFiles/baidu_map.dir/build.make:76ï¼šCMakeFiles/baidu_map.dir/src/main.cpp.o] é”™è¯¯ 1
make[2]: *** [CMakeFiles/baidu_map.dir/build.make:89ï¼šCMakeFiles/baidu_map.dir/src/mainwindow.cpp.o] é”™è¯¯ 1
make[1]: *** [CMakeFiles/Makefile2:162ï¼šCMakeFiles/baidu_map.dir/all] é”™è¯¯ 2
make: *** [Makefile:141ï¼šall] é”™è¯¯ 2
